<?xml version="1.0" encoding="UTF-8"?>
<!-- Generated by org.testng.reporters.JUnitXMLReporter -->
<testsuite ignored="0" hostname="DESKTOP-BG3CDC9" failures="1" tests="1" name="Test" time="14.387" errors="0" timestamp="2023-02-22T23:06:36 IST">
  <testcase classname="com.sauce.testCases.SauceLogin" name="login" time="8.258">
    <failure type="java.lang.AssertionError" message="expected [true] but found [false]">
      <![CDATA[java.lang.AssertionError: expected [true] but found [false]
at com.sauce.testCases.SauceLogin.login(SauceLogin.java:51)
at java.base/java.util.ArrayList.forEach(ArrayList.java:1511)
... Removed 29 stack frames]]>
    </failure>
  </testcase> <!-- login -->
</testsuite> <!-- Test -->
