<?xml version="1.0" encoding="UTF-8"?>
<testng-results ignored="0" total="1" passed="1" failed="0" skipped="0">
  <reporter-output>
  </reporter-output>
  <suite started-at="2023-03-03T22:24:16 IST" name="Suite" finished-at="2023-03-03T22:24:43 IST" duration-ms="27681">
    <groups>
    </groups>
    <test started-at="2023-03-03T22:24:16 IST" name="Sauce Test Execution" finished-at="2023-03-03T22:24:43 IST" duration-ms="27681">
      <class name="com.sauce.testCases.SauceCompletePageTest">
        <test-method is-config="true" signature="setUp()[pri:0, instance:com.sauce.testCases.SauceCompletePageTest@2a798d51]" started-at="2023-03-03T22:24:16 IST" name="setUp" finished-at="2023-03-03T22:24:22 IST" duration-ms="5768" status="PASS">
          <reporter-output>
          </reporter-output>
        </test-method> <!-- setUp -->
        <test-method signature="login()[pri:0, instance:com.sauce.testCases.SauceCompletePageTest@2a798d51]" started-at="2023-03-03T22:24:22 IST" name="login" finished-at="2023-03-03T22:24:42 IST" duration-ms="20325" status="PASS">
          <reporter-output>
          </reporter-output>
        </test-method> <!-- login -->
        <test-method is-config="true" signature="tearDown()[pri:0, instance:com.sauce.testCases.SauceCompletePageTest@2a798d51]" started-at="2023-03-03T22:24:43 IST" name="tearDown" finished-at="2023-03-03T22:24:43 IST" duration-ms="395" status="PASS">
          <reporter-output>
          </reporter-output>
        </test-method> <!-- tearDown -->
      </class> <!-- com.sauce.testCases.SauceCompletePageTest -->
    </test> <!-- Sauce Test Execution -->
  </suite> <!-- Suite -->
</testng-results>
